  [1m[35m (0.3ms)[0m  [1m[34mSELECT sqlite_version(*)[0m
  [1m[35m (1.2ms)[0m  [1m[35mCREATE TABLE "schema_migrations" ("version" varchar NOT NULL PRIMARY KEY)[0m
  [1m[35m (1.1ms)[0m  [1m[35mCREATE TABLE "ar_internal_metadata" ("key" varchar NOT NULL PRIMARY KEY, "value" varchar, "created_at" datetime NOT NULL, "updated_at" datetime NOT NULL)[0m
  [1m[36mActiveRecord::InternalMetadata Load (0.2ms)[0m  [1m[34mSELECT  "ar_internal_metadata".* FROM "ar_internal_metadata" WHERE "ar_internal_metadata"."key" = ? LIMIT ?[0m  [["key", "environment"], ["LIMIT", 1]]
  [1m[35m (0.1ms)[0m  [1m[36mbegin transaction[0m
  [1m[35mSQL (0.3ms)[0m  [1m[32mINSERT INTO "ar_internal_metadata" ("key", "value", "created_at", "updated_at") VALUES (?, ?, ?, ?)[0m  [["key", "environment"], ["value", "development"], ["created_at", "2017-06-24 18:13:01.354262"], ["updated_at", "2017-06-24 18:13:01.354262"]]
  [1m[35m (0.7ms)[0m  [1m[36mcommit transaction[0m
  [1m[35m (0.1ms)[0m  [1m[34mSELECT "schema_migrations"."version" FROM "schema_migrations" ORDER BY "schema_migrations"."version" ASC[0m
Started GET "/" for 127.0.0.1 at 2017-06-24 14:13:27 -0400
Processing by Rails::WelcomeController#index as HTML
  Rendering /Users/alicelu/.rbenv/versions/2.4.0/lib/ruby/gems/2.4.0/gems/railties-5.1.1/lib/rails/templates/rails/welcome/index.html.erb
  Rendered /Users/alicelu/.rbenv/versions/2.4.0/lib/ruby/gems/2.4.0/gems/railties-5.1.1/lib/rails/templates/rails/welcome/index.html.erb (4.3ms)
Completed 200 OK in 159ms (Views: 11.3ms)


Started GET "/pages/alice" for 127.0.0.1 at 2017-06-24 14:15:16 -0400
Processing by PagesController#alice as HTML
  Rendering pages/alice.html.erb within layouts/application
  Rendered pages/alice.html.erb within layouts/application (0.5ms)
Completed 200 OK in 355ms (Views: 352.6ms)


Started GET "/pages/alice" for 127.0.0.1 at 2017-06-24 14:16:35 -0400
Processing by PagesController#alice as HTML
  Rendering pages/alice.html.erb within layouts/application
  Rendered pages/alice.html.erb within layouts/application (0.4ms)
Completed 200 OK in 19ms (Views: 17.6ms)


Started GET "/pages/alice" for 127.0.0.1 at 2017-06-24 14:17:43 -0400
Processing by PagesController#alice as HTML
  Rendering pages/alice.html.erb within layouts/application
  Rendered pages/alice.html.erb within layouts/application (0.4ms)
Completed 200 OK in 19ms (Views: 17.8ms)


Started GET "/pages/alice" for 127.0.0.1 at 2017-06-24 14:19:08 -0400
Processing by PagesController#alice as HTML
  Rendering pages/alice.html.erb within layouts/application
  Rendered pages/alice.html.erb within layouts/application (0.4ms)
Completed 200 OK in 19ms (Views: 17.1ms)


Started GET "/" for 127.0.0.1 at 2017-06-24 14:19:11 -0400
Processing by Rails::WelcomeController#index as HTML
  Rendering /Users/alicelu/.rbenv/versions/2.4.0/lib/ruby/gems/2.4.0/gems/railties-5.1.1/lib/rails/templates/rails/welcome/index.html.erb
  Rendered /Users/alicelu/.rbenv/versions/2.4.0/lib/ruby/gems/2.4.0/gems/railties-5.1.1/lib/rails/templates/rails/welcome/index.html.erb (3.8ms)
Completed 200 OK in 10ms (Views: 6.9ms)


Started GET "/pages/alice" for 127.0.0.1 at 2017-06-24 14:19:17 -0400
Processing by PagesController#alice as HTML
  Rendering pages/alice.html.erb within layouts/application
  Rendered pages/alice.html.erb within layouts/application (0.5ms)
Completed 200 OK in 20ms (Views: 18.5ms)


Started GET "/pages/alice" for 127.0.0.1 at 2017-06-24 14:19:54 -0400
  
ActionController::RoutingError (uninitialized constant PagesController):
  
activesupport (5.1.1) lib/active_support/inflector/methods.rb:269:in `const_get'
activesupport (5.1.1) lib/active_support/inflector/methods.rb:269:in `block in constantize'
activesupport (5.1.1) lib/active_support/inflector/methods.rb:267:in `each'
activesupport (5.1.1) lib/active_support/inflector/methods.rb:267:in `inject'
activesupport (5.1.1) lib/active_support/inflector/methods.rb:267:in `constantize'
actionpack (5.1.1) lib/action_dispatch/http/request.rb:82:in `controller_class'
actionpack (5.1.1) lib/action_dispatch/routing/route_set.rb:43:in `controller'
actionpack (5.1.1) lib/action_dispatch/routing/route_set.rb:29:in `serve'
actionpack (5.1.1) lib/action_dispatch/journey/router.rb:46:in `block in serve'
actionpack (5.1.1) lib/action_dispatch/journey/router.rb:33:in `each'
actionpack (5.1.1) lib/action_dispatch/journey/router.rb:33:in `serve'
actionpack (5.1.1) lib/action_dispatch/routing/route_set.rb:832:in `call'
rack (2.0.3) lib/rack/etag.rb:25:in `call'
rack (2.0.3) lib/rack/conditional_get.rb:25:in `call'
rack (2.0.3) lib/rack/head.rb:12:in `call'
rack (2.0.3) lib/rack/session/abstract/id.rb:232:in `context'
rack (2.0.3) lib/rack/session/abstract/id.rb:226:in `call'
actionpack (5.1.1) lib/action_dispatch/middleware/cookies.rb:613:in `call'
activerecord (5.1.1) lib/active_record/migration.rb:556:in `call'
actionpack (5.1.1) lib/action_dispatch/middleware/callbacks.rb:26:in `block in call'
activesupport (5.1.1) lib/active_support/callbacks.rb:97:in `run_callbacks'
actionpack (5.1.1) lib/action_dispatch/middleware/callbacks.rb:24:in `call'
actionpack (5.1.1) lib/action_dispatch/middleware/executor.rb:12:in `call'
actionpack (5.1.1) lib/action_dispatch/middleware/debug_exceptions.rb:59:in `call'
web-console (3.5.1) lib/web_console/middleware.rb:135:in `call_app'
web-console (3.5.1) lib/web_console/middleware.rb:28:in `block in call'
web-console (3.5.1) lib/web_console/middleware.rb:18:in `catch'
web-console (3.5.1) lib/web_console/middleware.rb:18:in `call'
actionpack (5.1.1) lib/action_dispatch/middleware/show_exceptions.rb:31:in `call'
railties (5.1.1) lib/rails/rack/logger.rb:36:in `call_app'
railties (5.1.1) lib/rails/rack/logger.rb:24:in `block in call'
activesupport (5.1.1) lib/active_support/tagged_logging.rb:69:in `block in tagged'
activesupport (5.1.1) lib/active_support/tagged_logging.rb:26:in `tagged'
activesupport (5.1.1) lib/active_support/tagged_logging.rb:69:in `tagged'
railties (5.1.1) lib/rails/rack/logger.rb:24:in `call'
sprockets-rails (3.2.0) lib/sprockets/rails/quiet_assets.rb:13:in `call'
actionpack (5.1.1) lib/action_dispatch/middleware/remote_ip.rb:79:in `call'
actionpack (5.1.1) lib/action_dispatch/middleware/request_id.rb:25:in `call'
rack (2.0.3) lib/rack/method_override.rb:22:in `call'
rack (2.0.3) lib/rack/runtime.rb:22:in `call'
activesupport (5.1.1) lib/active_support/cache/strategy/local_cache_middleware.rb:27:in `call'
actionpack (5.1.1) lib/action_dispatch/middleware/executor.rb:12:in `call'
actionpack (5.1.1) lib/action_dispatch/middleware/static.rb:125:in `call'
rack (2.0.3) lib/rack/sendfile.rb:111:in `call'
railties (5.1.1) lib/rails/engine.rb:522:in `call'
puma (3.9.1) lib/puma/configuration.rb:224:in `call'
puma (3.9.1) lib/puma/server.rb:602:in `handle_request'
puma (3.9.1) lib/puma/server.rb:435:in `process_client'
puma (3.9.1) lib/puma/server.rb:299:in `block in run'
puma (3.9.1) lib/puma/thread_pool.rb:120:in `block in spawn_thread'
  [1m[35m (0.4ms)[0m  [1m[34mSELECT "schema_migrations"."version" FROM "schema_migrations" ORDER BY "schema_migrations"."version" ASC[0m
Migrating to CreateMentors (20170624182037)
  [1m[35m (0.1ms)[0m  [1m[36mbegin transaction[0m
  [1m[35m (0.1ms)[0m  [1m[34mSELECT sqlite_version(*)[0m
  [1m[35m (0.4ms)[0m  [1m[35mCREATE TABLE "mentors" ("id" INTEGER PRIMARY KEY AUTOINCREMENT NOT NULL, "first_name" varchar, "last_name" varchar, "email" varchar, "skills" text, "created_at" datetime NOT NULL, "updated_at" datetime NOT NULL)[0m
  [1m[35m (0.1ms)[0m  [1m[35mCREATE UNIQUE INDEX "index_mentors_on_email" ON "mentors" ("email")[0m
  [1m[35mSQL (0.4ms)[0m  [1m[32mINSERT INTO "schema_migrations" ("version") VALUES (?)[0m  [["version", "20170624182037"]]
  [1m[35m (0.7ms)[0m  [1m[36mcommit transaction[0m
  [1m[36mActiveRecord::InternalMetadata Load (0.6ms)[0m  [1m[34mSELECT  "ar_internal_metadata".* FROM "ar_internal_metadata" WHERE "ar_internal_metadata"."key" = ? LIMIT ?[0m  [["key", "environment"], ["LIMIT", 1]]
  [1m[35m (0.1ms)[0m  [1m[36mbegin transaction[0m
  [1m[35m (0.1ms)[0m  [1m[36mcommit transaction[0m
  [1m[35m (0.1ms)[0m  [1m[34mSELECT "schema_migrations"."version" FROM "schema_migrations" ORDER BY "schema_migrations"."version" ASC[0m
  [1m[35m (0.1ms)[0m  [1m[34m            SELECT sql
            FROM sqlite_master
            WHERE name='index_mentors_on_email' AND type='index'
            UNION ALL
            SELECT sql
            FROM sqlite_temp_master
            WHERE name='index_mentors_on_email' AND type='index'
[0m
Started GET "/mentors/new" for 127.0.0.1 at 2017-06-24 14:20:54 -0400
  [1m[35m (0.1ms)[0m  [1m[34mSELECT "schema_migrations"."version" FROM "schema_migrations" ORDER BY "schema_migrations"."version" ASC[0m
Processing by MentorsController#new as HTML
  Rendering mentors/new.html.erb within layouts/application
  Rendered mentors/_form.html.erb (11.5ms) [cache miss]
  Rendered mentors/new.html.erb within layouts/application (13.4ms)
Completed 200 OK in 108ms (Views: 96.3ms | ActiveRecord: 0.5ms)


Started POST "/mentors" for 127.0.0.1 at 2017-06-24 14:22:12 -0400
Processing by MentorsController#create as HTML
  Parameters: {"utf8"=>"✓", "authenticity_token"=>"ItwyQrw51RH77eZfzpSyNRAlIhmRHqwCflB7JLwHZxQ+TYsaU4P9TsaUGg/f/tfmPksSqXZHssQ2/WqkwMokgA==", "mentor"=>{"first_name"=>"Michael ", "last_name"=>"Law", "email"=>"michaellaw@gmx.com", "skills"=>"kicking the hell out of things, coding, backend"}, "commit"=>"Create Mentor"}
  [1m[35m (0.1ms)[0m  [1m[36mbegin transaction[0m
  [1m[35mSQL (0.5ms)[0m  [1m[32mINSERT INTO "mentors" ("first_name", "last_name", "email", "skills", "created_at", "updated_at") VALUES (?, ?, ?, ?, ?, ?)[0m  [["first_name", "Michael "], ["last_name", "Law"], ["email", "michaellaw@gmx.com"], ["skills", "kicking the hell out of things, coding, backend"], ["created_at", "2017-06-24 18:22:12.480734"], ["updated_at", "2017-06-24 18:22:12.480734"]]
  [1m[35m (0.8ms)[0m  [1m[36mcommit transaction[0m
Redirected to http://localhost:3000/mentors/1
Completed 302 Found in 8ms (ActiveRecord: 1.4ms)


Started GET "/mentors/1" for 127.0.0.1 at 2017-06-24 14:22:12 -0400
Processing by MentorsController#show as HTML
  Parameters: {"id"=>"1"}
  [1m[36mMentor Load (0.2ms)[0m  [1m[34mSELECT  "mentors".* FROM "mentors" WHERE "mentors"."id" = ? LIMIT ?[0m  [["id", 1], ["LIMIT", 1]]
  Rendering mentors/show.html.erb within layouts/application
  Rendered mentors/show.html.erb within layouts/application (1.1ms)
Completed 200 OK in 32ms (Views: 24.6ms | ActiveRecord: 0.2ms)


Started GET "/mentors" for 127.0.0.1 at 2017-06-24 14:22:32 -0400
Processing by MentorsController#index as HTML
  Rendering mentors/index.html.erb within layouts/application
  [1m[36mMentor Load (0.2ms)[0m  [1m[34mSELECT "mentors".* FROM "mentors"[0m
  Rendered mentors/index.html.erb within layouts/application (2.4ms)
Completed 200 OK in 35ms (Views: 31.3ms | ActiveRecord: 0.2ms)


Started GET "/mentors/new" for 127.0.0.1 at 2017-06-24 14:22:33 -0400
Processing by MentorsController#new as HTML
  Rendering mentors/new.html.erb within layouts/application
  Rendered mentors/_form.html.erb (3.7ms) [cache miss]
  Rendered mentors/new.html.erb within layouts/application (7.4ms)
Completed 200 OK in 38ms (Views: 36.3ms | ActiveRecord: 0.0ms)


Started POST "/mentors" for 127.0.0.1 at 2017-06-24 14:23:19 -0400
Processing by MentorsController#create as HTML
  Parameters: {"utf8"=>"✓", "authenticity_token"=>"agoFETxNmBbKmbkJ4ioLxOCRnI/zop/kJRNF9KSCP2jDMDLfBQEXh62Q1QgX4nONYz8l+uen5uPG+34fXCBZwQ==", "mentor"=>{"first_name"=>"Alice", "last_name"=>"Lu", "email"=>"alicelu@gmail.com", "skills"=>"python, installing ruby, breakdance"}, "commit"=>"Create Mentor"}
  [1m[35m (0.1ms)[0m  [1m[36mbegin transaction[0m
  [1m[35mSQL (0.5ms)[0m  [1m[32mINSERT INTO "mentors" ("first_name", "last_name", "email", "skills", "created_at", "updated_at") VALUES (?, ?, ?, ?, ?, ?)[0m  [["first_name", "Alice"], ["last_name", "Lu"], ["email", "alicelu@gmail.com"], ["skills", "python, installing ruby, breakdance"], ["created_at", "2017-06-24 18:23:19.968899"], ["updated_at", "2017-06-24 18:23:19.968899"]]
  [1m[35m (2.2ms)[0m  [1m[36mcommit transaction[0m
Redirected to http://localhost:3000/mentors/2
Completed 302 Found in 8ms (ActiveRecord: 2.8ms)


Started GET "/mentors/2" for 127.0.0.1 at 2017-06-24 14:23:19 -0400
Processing by MentorsController#show as HTML
  Parameters: {"id"=>"2"}
  [1m[36mMentor Load (0.2ms)[0m  [1m[34mSELECT  "mentors".* FROM "mentors" WHERE "mentors"."id" = ? LIMIT ?[0m  [["id", 2], ["LIMIT", 1]]
  Rendering mentors/show.html.erb within layouts/application
  Rendered mentors/show.html.erb within layouts/application (2.0ms)
Completed 200 OK in 32ms (Views: 28.8ms | ActiveRecord: 0.2ms)


Started GET "/mentors" for 127.0.0.1 at 2017-06-24 14:23:22 -0400
Processing by MentorsController#index as HTML
  Rendering mentors/index.html.erb within layouts/application
  [1m[36mMentor Load (0.2ms)[0m  [1m[34mSELECT "mentors".* FROM "mentors"[0m
  Rendered mentors/index.html.erb within layouts/application (6.6ms)
Completed 200 OK in 47ms (Views: 44.2ms | ActiveRecord: 0.2ms)


Started GET "/" for 127.0.0.1 at 2017-06-24 14:23:50 -0400
Processing by Rails::WelcomeController#index as HTML
  Rendering /Users/alicelu/.rbenv/versions/2.4.0/lib/ruby/gems/2.4.0/gems/railties-5.1.1/lib/rails/templates/rails/welcome/index.html.erb
  Rendered /Users/alicelu/.rbenv/versions/2.4.0/lib/ruby/gems/2.4.0/gems/railties-5.1.1/lib/rails/templates/rails/welcome/index.html.erb (3.1ms)
Completed 200 OK in 10ms (Views: 5.9ms | ActiveRecord: 0.0ms)


Started GET "/" for 127.0.0.1 at 2017-06-24 14:24:29 -0400
Processing by MentorsController#index as HTML
  Rendering mentors/index.html.erb within layouts/application
  [1m[36mMentor Load (0.2ms)[0m  [1m[34mSELECT "mentors".* FROM "mentors"[0m
  Rendered mentors/index.html.erb within layouts/application (9.7ms)
Completed 200 OK in 29ms (Views: 24.4ms | ActiveRecord: 0.9ms)


